This is pdfTeXk, Version 3.141592-1.40.3 (Web2C 7.5.6) (format=latex 2011.6.2)  31 DEC 2011 00:17
entering extended mode
 %&-line parsing enabled.
**draft.tex
(./draft.tex
LaTeX2e <2005/12/01>
Babel <v3.8h> and hyphenation patterns for english, usenglishmax, dumylang, noh
yphenation, arabic, basque, bulgarian, coptic, welsh, czech, slovak, german, ng
erman, danish, esperanto, spanish, catalan, galician, estonian, farsi, finnish,
 french, greek, monogreek, ancientgreek, croatian, hungarian, interlingua, ibyc
us, indonesian, icelandic, italian, latin, mongolian, dutch, norsk, polish, por
tuguese, pinyin, romanian, russian, slovenian, uppersorbian, serbian, swedish, 
turkish, ukenglish, ukrainian, loaded.
(./elsarticle.cls
Document Class: elsarticle 2009/09/17, 1.20b: Elsevier Ltd
\@bls=\dimen102
(/usr/share/texmf/tex/latex/base/article.cls
Document Class: article 2005/09/16 v1.4f Standard LaTeX document class
(/usr/share/texmf/tex/latex/base/size12.clo
File: size12.clo 2005/09/16 v1.4f Standard LaTeX file (size option)
)
\c@part=\count79
\c@section=\count80
\c@subsection=\count81
\c@subsubsection=\count82
\c@paragraph=\count83
\c@subparagraph=\count84
\c@figure=\count85
\c@table=\count86
\abovecaptionskip=\skip41
\belowcaptionskip=\skip42
\bibindent=\dimen103
)
(/usr/share/texmf/tex/latex/graphics/graphicx.sty
Package: graphicx 1999/02/16 v1.0f Enhanced LaTeX Graphics (DPC,SPQR)

(/usr/share/texmf/tex/latex/graphics/keyval.sty
Package: keyval 1999/03/16 v1.13 key=value parser (DPC)
\KV@toks@=\toks14
)
(/usr/share/texmf/tex/latex/graphics/graphics.sty
Package: graphics 2006/02/20 v1.0o Standard LaTeX Graphics (DPC,SPQR)

(/usr/share/texmf/tex/latex/graphics/trig.sty
Package: trig 1999/03/16 v1.09 sin cos tan (DPC)
)
(/usr/share/texmf/tex/latex/config/graphics.cfg
File: graphics.cfg 2007/01/18 v1.5 graphics configuration of teTeX/TeXLive
)
Package graphics Info: Driver file: dvips.def on input line 90.

(/usr/share/texmf/tex/latex/graphics/dvips.def
File: dvips.def 1999/02/16 v3.0i Driver-dependant file (DPC,SPQR)
))
\Gin@req@height=\dimen104
\Gin@req@width=\dimen105
)
(/usr/share/texmf/tex/latex/psnfss/pifont.sty
Package: pifont 2005/04/12 PSNFSS-v9.2a Pi font support (SPQR) 
LaTeX Font Info:    Try loading font information for U+pzd on input line 63.

(/usr/share/texmf/tex/latex/psnfss/upzd.fd
File: upzd.fd 2001/06/04 font definitions for U/pzd.
)
LaTeX Font Info:    Try loading font information for U+psy on input line 64.

(/usr/share/texmf/tex/latex/psnfss/upsy.fd
File: upsy.fd 2001/06/04 font definitions for U/psy.
))
\c@tnote=\count87
\c@fnote=\count88
\c@cnote=\count89
\c@ead=\count90
\c@author=\count91
\@eadauthor=\toks15
\c@affn=\count92
\absbox=\box26
\keybox=\box27
\Columnwidth=\dimen106
\space@left=\dimen107
\els@boxa=\box28
\els@boxb=\box29
\leftMargin=\dimen108
\@enLab=\toks16
\@sep=\skip43
\@@sep=\skip44
 (./draft.spl)
(/usr/share/texmf/tex/latex/natbib/natbib.sty
Package: natbib 2007/02/05 8.0 (PWD)
\bibhang=\skip45
\bibsep=\skip46
LaTeX Info: Redefining \cite on input line 602.
\c@NAT@ctr=\count93
)
\splwrite=\write3
\openout3 = `draft.spl'.

\appnamewidth=\dimen109
)
(/usr/share/texmf/tex/latex/amsfonts/amssymb.sty
Package: amssymb 2002/01/22 v2.2d

(/usr/share/texmf/tex/latex/amsfonts/amsfonts.sty
Package: amsfonts 2001/10/25 v2.2f
\@emptytoks=\toks17
\symAMSa=\mathgroup4
\symAMSb=\mathgroup5
LaTeX Font Info:    Overwriting math alphabet `\mathfrak' in version `bold'
(Font)                  U/euf/m/n --> U/euf/b/n on input line 132.
)) (./draft.aux
(./tex/Introduction.aux) (./tex/DataQuality.aux

LaTeX Warning: Label `Table:Data' multiply defined.

) (./tex/SoftwareFramework.aux) (./tex/EventReconstruction.aux

LaTeX Warning: Label `Fig:beforeFFT' multiply defined.

) (./tex/LiquidArgonPurity.aux) (./tex/EventSimulation.aux)
(./tex/Data-MCComparison.aux) (./tex/Summary.aux))
\openout1 = `draft.aux'.

LaTeX Font Info:    Checking defaults for OML/cmm/m/it on input line 83.
LaTeX Font Info:    ... okay on input line 83.
LaTeX Font Info:    Checking defaults for T1/cmr/m/n on input line 83.
LaTeX Font Info:    ... okay on input line 83.
LaTeX Font Info:    Checking defaults for OT1/cmr/m/n on input line 83.
LaTeX Font Info:    ... okay on input line 83.
LaTeX Font Info:    Checking defaults for OMS/cmsy/m/n on input line 83.
LaTeX Font Info:    ... okay on input line 83.
LaTeX Font Info:    Checking defaults for OMX/cmex/m/n on input line 83.
LaTeX Font Info:    ... okay on input line 83.
LaTeX Font Info:    Checking defaults for U/cmr/m/n on input line 83.
LaTeX Font Info:    ... okay on input line 83.
LaTeX Font Info:    Try loading font information for U+msa on input line 124.

(/usr/share/texmf/tex/latex/amsfonts/umsa.fd
File: umsa.fd 2002/01/19 v2.2g AMS font definitions
)
LaTeX Font Info:    Try loading font information for U+msb on input line 124.

(/usr/share/texmf/tex/latex/amsfonts/umsb.fd
File: umsb.fd 2002/01/19 v2.2g AMS font definitions
) [1


]
\openout2 = `tex/Introduction.aux'.

 (./tex/Introduction.tex)
[2

]
\openout2 = `tex/DataQuality.aux'.

 (./tex/DataQuality.tex

LaTeX Warning: `h' float specifier changed to `ht'.

File: fig/Textbook.eps Graphic file (type eps)
<fig/Textbook.eps>
File: fig/Kmunu.eps Graphic file (type eps)
 <fig/Kmunu.eps>
LaTeX Font Info:    Try loading font information for OMS+cmr on input line 95.
 (/usr/share/texmf/tex/latex/base/omscmr.fd
File: omscmr.fd 1999/05/25 v2.5h Standard LaTeX font definitions
)
LaTeX Font Info:    Font shape `OMS/cmr/m/n' in size <12> not available
(Font)              Font shape `OMS/cmsy/m/n' tried instead on input line 95.

[3


] [4] (./tex/beamenergy.tex [5]
File: fig/cdp_hough.eps Graphic file (type eps)
 <fig/cdp_hough.eps> [6]
File: ./fig/K11Br_beamline_sim.eps Graphic file (type eps)

<./fig/K11Br_beamline_sim.eps>
File: ./fig/Kaon_pion_momentum_nogrid.eps Graphic file (type eps)
 <./fig/Kaon_pion_momentum_nogrid.eps>
File: ./fig/energy_deposition.eps Graphic file (type eps)

<./fig/energy_deposition.eps>
File: ./fig/BeamProfile3.eps Graphic file (type eps)
 <./fig/BeamProfile3.eps>) [7]) [8] [9]
\openout2 = `tex/SoftwareFramework.aux'.


(./tex/SoftwareFramework.tex) [10


]
\openout2 = `tex/EventReconstruction.aux'.

 (./tex/EventReconstruction.tex

LaTeX Warning: Reference `Fig:FFT' on page 11 undefined on input line 16.

File: fig/beforeFFT.eps Graphic file (type eps)
<fig/beforeFFT.eps>
File: fig/FFT.eps Graphic file (type eps)
 <fig/FFT.eps>
File: fig/afterFFT.eps Graphic file (type eps)
 <fig/afterFFT.eps> (./tex/hitclustering.tex
File: fig/clustering.eps Graphic file (type eps)

<fig/clustering.eps> [11


] [12]) (./tex/StoppedKaon.tex
File: fig/hmap2.eps Graphic file (type eps)
 <fig/hmap2.eps>
File: fig/rho_theta2.eps Graphic file (type eps)

<fig/rho_theta2.eps>
File: fig/rho_theta_kink.eps Graphic file (type eps)
 <fig/rho_theta_kink.eps>
File: fig/hmap_fit.eps Graphic file (type eps)
 <fig/hmap_fit.eps>
Overfull \hbox (2.61108pt too wide) in paragraph at lines 14--43
[]$[]$ $[]$ 
 []


Overfull \hbox (2.61108pt too wide) in paragraph at lines 14--43
[]$ $[]$ 
 []

[13]
File: fig/hmap_kink_chi2.eps Graphic file (type eps)
 <fig/hmap_kink_chi2.eps>
File: fig/chi2_kink_chi2.eps Graphic file (type eps)
 <fig/chi2_kink_chi2.eps>
Overfull \hbox (2.61108pt too wide) in paragraph at lines 59--73
[]$[]$ $[]$ 
 []

[14]
File: fig/hmap_kink_BS.eps Graphic file (type eps)
 <fig/hmap_kink_BS.eps>)) [15] [16]
\openout2 = `tex/LiquidArgonPurity.aux'.

 (./tex/LiquidArgonPurity.tex

LaTeX Warning: Reference `sec:Efield' on page 17 undefined on input line 10.

File: fig/cosmic68_ev258_display.eps Graphic file (type eps)
<fig/cosmic68_ev258_display.eps>
File: fig/cosmic68_ev258.eps Graphic file (type eps)
 <fig/cosmic68_ev258.eps>
File: fig/chargeDep.eps Graphic file (type eps)
 <fig/chargeDep.eps>
File: fig/tauExample.eps Graphic file (type eps)

<fig/tauExample.eps> [17


]
File: fig/tauHistory.eps Graphic file (type eps)
 <fig/tauHistory.eps>) [18]
\openout2 = `tex/EventSimulation.aux'.

 (./tex/EventSimulation.tex
Overfull \hbox (227.5003pt too wide) in paragraph at lines 35--35
[] \OT1/cmtt/m/n/12 *     Special TPAR for TMED   3   Liquid_argon             
                                       *[] 
 []


Overfull \hbox (227.5003pt too wide) in paragraph at lines 35--35
[] \OT1/cmtt/m/n/12 *  CUTGAM= 10.00 keV  CUTELE= 10.00 keV  CUTNEU= 10.00 MeV 
 CUTHAD= 10.00 MeV  CUTMUO= 10.00 MeV  *[] 
 []


Overfull \hbox (227.5003pt too wide) in paragraph at lines 35--35
[] \OT1/cmtt/m/n/12 *  BCUTE = 10.00 keV  BCUTM = 10.00 keV  DCUTE = 10.00 keV 
 DCUTM = 10.00 keV  PPCUTM= 10.00 MeV  *[] 
 []


Overfull \hbox (227.5003pt too wide) in paragraph at lines 35--35
[] \OT1/cmtt/m/n/12 *  IPAIR=  1.  ICOMP=  1.  IPHOT=  1.  IPFIS=  0.  IDRAY=  
1.  IANNI=  1.  IBREM=  1.  IHADR=  4. *[] 
 []


Overfull \hbox (227.5003pt too wide) in paragraph at lines 35--35
[] \OT1/cmtt/m/n/12 *  IMUNU=  1.  IDCAY=  1.  ILOSS=  1.  IMULS=  1.  IRAYL=  
0.  ILABS=  0.  ISYNC=  0.  ISTRA=  0. *[] 
 []


Package natbib Warning: Citation `Ref:FEMTET' on page 19 undefined on input lin
e 47.

[19


]) [20]
\openout2 = `tex/Data-MCComparison.aux'.

 (./tex/Data-MCComparison.tex (./tex/StoppedKaon2.tex
File: fig/cHitq_hough.eps Graphic file (type eps)

<fig/cHitq_hough.eps>
File: fig/cHitSigma_hough.eps Graphic file (type eps)
 <fig/cHitSigma_hough.eps>
File: fig/cClusterCharge_hough.eps Graphic file (type eps)
 <fig/cClusterCharge_hough.eps>
File: fig/cCSTSP_hough.eps Graphic file (type eps)

<fig/cCSTSP_hough.eps>
Overfull \hbox (2.61108pt too wide) in paragraph at lines 6--35
[]$[]$ $[]$ 
 []


Overfull \hbox (2.61108pt too wide) in paragraph at lines 6--35
[]$ $[]$ 
 []

Missing character: There is no ã in font cmr12!
Missing character: There is no € in font cmr12!
Missing character: There is no € in font cmr12!

Underfull \hbox (badness 10000) in paragraph at lines 2--37

 []

File: fig/cq27_hough.eps Graphic file (type eps)
<fig/cq27_hough.eps>
File: fig/RangeVsHit4_wcut_hough.eps Graphic file (type eps)
 <fig/RangeVsHit4_wcut_hough.eps>
File: fig/RangeVsHitRatio_wcut_hough.eps Graphic file (type eps)

<fig/RangeVsHitRatio_wcut_hough.eps>)) [21


] [22] [23] [24]
\openout2 = `tex/Summary.aux'.

 (./tex/Summary.tex)
[25


]
No file draft.bbl.

Underfull \hbox (badness 1859) in paragraph at lines 247--248
[]\OT1/cmr/m/n/12 P.V.C Hough 'Method and means for rec-og-niz-ing com-plex pat
-
 []


Package natbib Warning: There were undefined citations.

[26

] (./draft.aux (./tex/Introduction.aux) (./tex/DataQuality.aux)
(./tex/SoftwareFramework.aux) (./tex/EventReconstruction.aux)
(./tex/LiquidArgonPurity.aux) (./tex/EventSimulation.aux)
(./tex/Data-MCComparison.aux) (./tex/Summary.aux))

LaTeX Warning: There were undefined references.


LaTeX Warning: There were multiply-defined labels.

 ) 
Here is how much of TeX's memory you used:
 1558 strings out of 256217
 18440 string characters out of 1917096
 68466 words of memory out of 1500000
 4743 multiletter control sequences out of 10000+200000
 12151 words of font info for 47 fonts, out of 1200000 for 2000
 645 hyphenation exceptions out of 8191
 32i,8n,30p,395b,335s stack positions out of 5000i,500n,6000p,200000b,15000s

Output written on draft.dvi (26 pages, 33184 bytes).
