This is pdfTeXk, Version 3.141592-1.40.3 (Web2C 7.5.6) (format=latex 2011.3.24)  25 JAN 2012 15:21
entering extended mode
 %&-line parsing enabled.
**draft
(./draft.tex
LaTeX2e <2005/12/01>
Babel <v3.8h> and hyphenation patterns for english, usenglishmax, dumylang, noh
yphenation, arabic, basque, bulgarian, coptic, welsh, czech, slovak, german, ng
erman, danish, esperanto, spanish, catalan, galician, estonian, farsi, finnish,
 french, greek, monogreek, ancientgreek, croatian, hungarian, interlingua, ibyc
us, indonesian, icelandic, italian, latin, mongolian, dutch, norsk, polish, por
tuguese, pinyin, romanian, russian, slovenian, uppersorbian, serbian, swedish, 
turkish, ukenglish, ukrainian, loaded.
(./elsarticle.cls
Document Class: elsarticle 2009/09/17, 1.20b: Elsevier Ltd
\@bls=\dimen102
(/usr/share/texmf/tex/latex/base/article.cls
Document Class: article 2005/09/16 v1.4f Standard LaTeX document class
(/usr/share/texmf/tex/latex/base/size12.clo
File: size12.clo 2005/09/16 v1.4f Standard LaTeX file (size option)
)
\c@part=\count79
\c@section=\count80
\c@subsection=\count81
\c@subsubsection=\count82
\c@paragraph=\count83
\c@subparagraph=\count84
\c@figure=\count85
\c@table=\count86
\abovecaptionskip=\skip41
\belowcaptionskip=\skip42
\bibindent=\dimen103
)
(/usr/share/texmf/tex/latex/graphics/graphicx.sty
Package: graphicx 1999/02/16 v1.0f Enhanced LaTeX Graphics (DPC,SPQR)

(/usr/share/texmf/tex/latex/graphics/keyval.sty
Package: keyval 1999/03/16 v1.13 key=value parser (DPC)
\KV@toks@=\toks14
)
(/usr/share/texmf/tex/latex/graphics/graphics.sty
Package: graphics 2006/02/20 v1.0o Standard LaTeX Graphics (DPC,SPQR)

(/usr/share/texmf/tex/latex/graphics/trig.sty
Package: trig 1999/03/16 v1.09 sin cos tan (DPC)
)
(/usr/share/texmf/tex/latex/config/graphics.cfg
File: graphics.cfg 2007/01/18 v1.5 graphics configuration of teTeX/TeXLive
)
Package graphics Info: Driver file: dvips.def on input line 90.

(/usr/share/texmf/tex/latex/graphics/dvips.def
File: dvips.def 1999/02/16 v3.0i Driver-dependant file (DPC,SPQR)
))
\Gin@req@height=\dimen104
\Gin@req@width=\dimen105
)
(/usr/share/texmf/tex/latex/psnfss/pifont.sty
Package: pifont 2005/04/12 PSNFSS-v9.2a Pi font support (SPQR) 
LaTeX Font Info:    Try loading font information for U+pzd on input line 63.

(/usr/share/texmf/tex/latex/psnfss/upzd.fd
File: upzd.fd 2001/06/04 font definitions for U/pzd.
)
LaTeX Font Info:    Try loading font information for U+psy on input line 64.

(/usr/share/texmf/tex/latex/psnfss/upsy.fd
File: upsy.fd 2001/06/04 font definitions for U/psy.
))
\c@tnote=\count87
\c@fnote=\count88
\c@cnote=\count89
\c@ead=\count90
\c@author=\count91
\@eadauthor=\toks15
\c@affn=\count92
\absbox=\box26
\keybox=\box27
\Columnwidth=\dimen106
\space@left=\dimen107
\els@boxa=\box28
\els@boxb=\box29
\leftMargin=\dimen108
\@enLab=\toks16
\@sep=\skip43
\@@sep=\skip44
 (./draft.spl)
(/usr/share/texmf/tex/latex/natbib/natbib.sty
Package: natbib 2007/02/05 8.0 (PWD)
\bibhang=\skip45
\bibsep=\skip46
LaTeX Info: Redefining \cite on input line 602.
\c@NAT@ctr=\count93
)
\splwrite=\write3
\openout3 = `draft.spl'.

\appnamewidth=\dimen109
)
(/usr/share/texmf/tex/latex/amsfonts/amssymb.sty
Package: amssymb 2002/01/22 v2.2d

(/usr/share/texmf/tex/latex/amsfonts/amsfonts.sty
Package: amsfonts 2001/10/25 v2.2f
\@emptytoks=\toks17
\symAMSa=\mathgroup4
\symAMSb=\mathgroup5
LaTeX Font Info:    Overwriting math alphabet `\mathfrak' in version `bold'
(Font)                  U/euf/m/n --> U/euf/b/n on input line 132.
)) (./draft.aux
(./tex/Introduction.aux) (./tex/DataQuality.aux) (./tex/SoftwareFramework.aux)
(./tex/EventReconstruction.aux) (./tex/LiquidArgonPurity.aux)
(./tex/EventSimulation.aux) (./tex/Data-MCComparison.aux) (./tex/Summary.aux))
\openout1 = `draft.aux'.

LaTeX Font Info:    Checking defaults for OML/cmm/m/it on input line 83.
LaTeX Font Info:    ... okay on input line 83.
LaTeX Font Info:    Checking defaults for T1/cmr/m/n on input line 83.
LaTeX Font Info:    ... okay on input line 83.
LaTeX Font Info:    Checking defaults for OT1/cmr/m/n on input line 83.
LaTeX Font Info:    ... okay on input line 83.
LaTeX Font Info:    Checking defaults for OMS/cmsy/m/n on input line 83.
LaTeX Font Info:    ... okay on input line 83.
LaTeX Font Info:    Checking defaults for OMX/cmex/m/n on input line 83.
LaTeX Font Info:    ... okay on input line 83.
LaTeX Font Info:    Checking defaults for U/cmr/m/n on input line 83.
LaTeX Font Info:    ... okay on input line 83.
LaTeX Font Info:    Try loading font information for U+msa on input line 124.

(/usr/share/texmf/tex/latex/amsfonts/umsa.fd
File: umsa.fd 2002/01/19 v2.2g AMS font definitions
)
LaTeX Font Info:    Try loading font information for U+msb on input line 124.

(/usr/share/texmf/tex/latex/amsfonts/umsb.fd
File: umsb.fd 2002/01/19 v2.2g AMS font definitions
) [1


]
\openout2 = `tex/Introduction.aux'.

 (./tex/Introduction.tex)
[2

]
\openout2 = `tex/DataQuality.aux'.

 (./tex/DataQuality.tex

LaTeX Warning: `h' float specifier changed to `ht'.

File: fig/Textbook.eps Graphic file (type eps)
<fig/Textbook.eps>
File: fig/Kmunu.eps Graphic file (type eps)
 <fig/Kmunu.eps> (./tex/BeamQuality.tex
Overfull \hbox (7.4681pt too wide) in paragraph at lines 3--12
[]\OT1/cmr/m/n/12 We have sev-eral beam coun-ters to iden-tify beam par-ti-cles
 event by event(see
 []


Underfull \hbox (badness 10000) in paragraph at lines 3--12

 []

[3


] [4]
File: fig/Beamline.eps Graphic file (type eps)
 <fig/Beamline.eps>
Underfull \hbox (badness 10000) in paragraph at lines 44--57

 []

[5]
File: fig/FC_KPI.eps Graphic file (type eps)
 <fig/FC_KPI.eps>
File: fig/GC.eps Graphic file (type eps)
 <fig/GC.eps>
File: fig/TOF.eps Graphic file (type eps)
 <fig/TOF.eps>
File: fig/TOF_cut.eps Graphic file (type eps)
 <fig/TOF_cut.eps>
Overfull \hbox (15.91663pt too wide) in paragraph at lines 59--87
[][] 
 []


Overfull \hbox (15.91663pt too wide) in paragraph at lines 59--87
[] 
 []

) (./tex/beamenergy.tex [6] [7]
File: fig/TOF_proton.eps Graphic file (type eps)
 <fig/TOF_proton.eps>
File: fig/Momentum_proton.eps Graphic file (type eps)
 <fig/Momentum_proton.eps>
Overfull \hbox (15.91663pt too wide) in paragraph at lines 14--28
[][] 
 []

File: ./fig/BeamProfile3.eps Graphic file (type eps)
<./fig/BeamProfile3.eps>)) [8] [9]
\openout2 = `tex/SoftwareFramework.aux'.

 (./tex/SoftwareFramework.tex
Overfull \hbox (9.55151pt too wide) in paragraph at lines 4--7
[]\OT1/cmr/m/n/12 Qscan is a gen-eral pur-pose soft-ware pack-age for LArTPC an
al-y-sis(reference)
 []

LaTeX Font Info:    Try loading font information for OMS+cmr on input line 7.
(/usr/share/texmf/tex/latex/base/omscmr.fd
File: omscmr.fd 1999/05/25 v2.5h Standard LaTeX font definitions
)
LaTeX Font Info:    Font shape `OMS/cmr/m/n' in size <12> not available
(Font)              Font shape `OMS/cmsy/m/n' tried instead on input line 7.

Overfull \hbox (0.2265pt too wide) in paragraph at lines 9--10
[]\OT1/cmr/m/n/12 event vi-su-al-iza-tion: dis-play raw data wave-form and re-c
on-structed quan-
 []

) [10


]
\openout2 = `tex/EventReconstruction.aux'.

 (./tex/EventReconstruction.tex

LaTeX Warning: Reference `Fig:FFT' on page 11 undefined on input line 15.

File: fig/beforeafterFFT.eps Graphic file (type eps)
<fig/beforeafterFFT.eps>
File: fig/FFT.eps Graphic file (type eps)
 <fig/FFT.eps> (./tex/hitclustering.tex

LaTeX Warning: Reference `Fig:afterFFT' on page 11 undefined on input line 4.

[11


]
File: fig/clustering.eps Graphic file (type eps)
 <fig/clustering.eps>) (./tex/StoppedKaon.tex [12]
File: fig/hmap2.eps Graphic file (type eps)
 <fig/hmap2.eps>
File: fig/rho_theta2.eps Graphic file (type eps)

<fig/rho_theta2.eps>
File: fig/rho_theta_kink.eps Graphic file (type eps)
 <fig/rho_theta_kink.eps>
File: fig/hmap_fit.eps Graphic file (type eps)
 <fig/hmap_fit.eps>
Overfull \hbox (2.61108pt too wide) in paragraph at lines 14--43
[]$[]$ $[]$ 
 []


Overfull \hbox (2.61108pt too wide) in paragraph at lines 14--43
[]$ $[]$ 
 []

[13]
File: fig/hmap_kink_chi2.eps Graphic file (type eps)
 <fig/hmap_kink_chi2.eps>
File: fig/chi2_kink_chi2.eps Graphic file (type eps)
 <fig/chi2_kink_chi2.eps>
Overfull \hbox (2.61108pt too wide) in paragraph at lines 59--73
[]$[]$ $[]$ 
 []

[14]
File: fig/hmap_kink_BS.eps Graphic file (type eps)
 <fig/hmap_kink_BS.eps>)) [15]
\openout2 = `tex/LiquidArgonPurity.aux'.

 (./tex/LiquidArgonPurity.tex

LaTeX Warning: Reference `xxx' on page 16 undefined on input line 13.

File: fig/PionTrack.eps Graphic file (type eps)
<fig/PionTrack.eps>
File: fig/PionQvsCh.eps Graphic file (type eps)
 <fig/PionQvsCh.eps>
File: fig/PionQcvsCh.eps Graphic file (type eps)
 <fig/PionQcvsCh.eps>
File: fig/cosmic68_ev258_display.eps Graphic file (type eps)

<fig/cosmic68_ev258_display.eps>
File: fig/cosmic68_ev258.eps Graphic file (type eps)
 <fig/cosmic68_ev258.eps> [16


] [17] [18]
File: fig/chargeDep.eps Graphic file (type eps)

<fig/chargeDep.eps>
File: fig/tauExample.eps Graphic file (type eps)
 <fig/tauExample.eps>
File: fig/tauHistory.eps Graphic file (type eps)
 <fig/tauHistory.eps>) [19] [20]
\openout2 = `tex/EventSimulation.aux'.


(./tex/EventSimulation.tex

LaTeX Warning: Reference `Fit:2DFieldMap' on page 21 undefined on input line 25
.


Package natbib Warning: Citation `Ref:FEMTET' on page 21 undefined on input lin
e 26.

File: fig/2DFieldMap.eps Graphic file (type eps)
<fig/2DFieldMap.eps> [21


] [22]
File: fig/Drift_0.eps Graphic file (type eps)
 <fig/Drift_0.eps>
File: fig/Drift_130.eps Graphic file (type eps)
 <fig/Drift_130.eps>
File: fig/Drift_350.eps Graphic file (type eps)

<fig/Drift_350.eps> (./tex/NoiseSim.tex
File: ./fig/FFTdist.eps Graphic file (type eps)
 <./fig/FFTdist.eps>
File: ./fig/DATAnoise.eps Graphic file (type eps)

<./fig/DATAnoise.eps>
Overfull \hbox (4.16928pt too wide) in paragraph at lines 43--44
 [][] 
 []

File: ./fig/MCnoise.eps Graphic file (type eps)
<./fig/MCnoise.eps>
Overfull \hbox (4.16928pt too wide) in paragraph at lines 49--50
 [][] 
 []


Overfull \hbox (2.61108pt too wide) in paragraph at lines 41--53
[]$[]$ $[]$ 
 []

) (./tex/CrossTalk.tex [23] [24]
File: fig/cross_talk_1.eps Graphic file (type eps)
 <fig/cross_talk_1.eps>
File: fig/cross_talk_2.eps Graphic file (type eps)
 <fig/cross_talk_2.eps>
Overfull \hbox (15.91663pt too wide) in paragraph at lines 22--36
[][] 
 []

) (./tex/beamenergy2.tex
File: ./fig/K11Br_beamline_sim.eps Graphic file (type eps)
 <./fig/K11Br_beamline_sim.eps>
File: ./fig/Kaon_pion_momentum_nogrid.eps Graphic file (type eps)

<./fig/Kaon_pion_momentum_nogrid.eps> [25]
File: ./fig/energy_deposition.eps Graphic file (type eps)
 <./fig/energy_deposition.eps>))
[26] [27]
\openout2 = `tex/Data-MCComparison.aux'.

 (./tex/Data-MCComparison.tex (./tex/StoppedProton2.tex

LaTeX Warning: Reference `fig:various_distribution' on page 28 undefined on inp
ut line 10.


Underfull \hbox (badness 10000) in paragraph at lines 3--13

 []

File: ./fig/stop_proton1.eps Graphic file (type eps)
<./fig/stop_proton1.eps> [28


]
File: fig/stop_proton2.eps Graphic file (type eps)
 <fig/stop_proton2.eps>
File: fig/stop_proton3.eps Graphic file (type eps)
 <fig/stop_proton3.eps>
File: fig/stop_proton4.eps Graphic file (type eps)

<fig/stop_proton4.eps>
Overfull \hbox (15.91663pt too wide) in paragraph at lines 36--50
[][] 
 []

) (./tex/RecombinationFactor.tex [29]
File: ./fig/Q2.eps Graphic file (type eps)
 <./fig/Q2.eps> [30]
Underfull \hbox (badness 10000) in paragraph at lines 31--33

 []

File: ./fig/Q_02.eps Graphic file (type eps)
<./fig/Q_02.eps>
File: ./fig/dEdx2.eps Graphic file (type eps)
 <./fig/dEdx2.eps>
File: ./fig/RFresult2.eps Graphic file (type eps)
 <./fig/RFresult2.eps>)
(./tex/StoppedKaon2.tex [31]

LaTeX Warning: Text page 32 contains only floats.

[32]
File: fig/cHit4_hough.eps Graphic file (type eps)
 <fig/cHit4_hough.eps>
File: fig/ch27distribution.eps Graphic file (type eps)
 <fig/ch27distribution.eps>
File: fig/RangeVsHit4_wcut_hough.eps Graphic file (type eps)

<fig/RangeVsHit4_wcut_hough.eps>
File: fig/RangeVsHitfabs_wcut_hough.eps Graphic file (type eps)
 <fig/RangeVsHitfabs_wcut_hough.eps>
File: fig/RangeVsHitRatio_wcut_hough.eps Graphic file (type eps)

<fig/RangeVsHitRatio_wcut_hough.eps>)) [33] [34] [35] [36]
\openout2 = `tex/Summary.aux'.

 (./tex/Summary.tex)
[37


]
No file draft.bbl.

Underfull \hbox (badness 1859) in paragraph at lines 247--248
[]\OT1/cmr/m/n/12 P.V.C Hough 'Method and means for rec-og-niz-ing com-plex pat
-
 []


Package natbib Warning: There were undefined citations.

[38

] (./draft.aux (./tex/Introduction.aux) (./tex/DataQuality.aux)
(./tex/SoftwareFramework.aux) (./tex/EventReconstruction.aux)
(./tex/LiquidArgonPurity.aux) (./tex/EventSimulation.aux)
(./tex/Data-MCComparison.aux) (./tex/Summary.aux))

LaTeX Warning: There were undefined references.

 ) 
Here is how much of TeX's memory you used:
 1650 strings out of 256217
 19899 string characters out of 1917095
 70691 words of memory out of 1500000
 4795 multiletter control sequences out of 10000+200000
 11982 words of font info for 46 fonts, out of 1200000 for 2000
 645 hyphenation exceptions out of 8191
 32i,11n,30p,862b,384s stack positions out of 5000i,500n,6000p,200000b,15000s

Output written on draft.dvi (38 pages, 54104 bytes).
